Reading tree foo
Executing blformat command...
Branch lengths assumed to be in units of numbers of substitutions per site
Number of sites in sequences set to 2256
All branch lengths multipled by the 2256 sites in the sequence
Branch lengths rounded to nearest integer
(This may not be a good idea when using CALIBRATE on ultrametric user supplied input trees. Use ROUND=NO then)
6 zero-length branches collapsed
Defining clade name: xx1
Defining clade name: xx2
Defining clade name: xx3
Setting maximum age constraint for taxon xx1 to 136.000000
Setting minimum age constraint for taxon xx2 to 112.000000
Fixing age of xx3 at 250.000000
 (The age of this node will no longer be estimated.)
 (This command overides any previous age constraints for this node.)
 (The total number of fixed ages is now 1)
Using DIVTIME with clock (Langley-Fitch) options to obtain an initial guess at rates for PL search
********************* WARNING **********************

ZERO-LENGTH TERMINAL BRANCHES IN TREE: TN will impose small nonzero bounds on parameters to overcome

****************************************************
MinND returned failure in ConstrOpt on initial search (may restart!)
MinND returned failure in ConstrOpt (while retrying)
MinND returned failure in ConstrOpt on initial search (may restart!)
MinND returned failure in ConstrOpt (while retrying)
MinND returned failure in ConstrOpt on initial search (may restart!)
MinND returned failure in ConstrOpt (while retrying)
MinND returned failure in ConstrOpt on initial search (may restart!)
MinND returned failure in ConstrOpt (while retrying)
Could not obtain a clock-based initial rate estimate in PL setup
********************* WARNING **********************

Times and rates unavailable

****************************************************
[Printing tree 1]

[NODE INFORMATION of tree foo]
node   1 () age=537.68 len=   0
node   2 () age=2.8e+02 | anc   1 () age=5.4e+02 | dur=2.5e+02 len=1.6e+02 rate= 0.325 nodeReal=     0 age bounds=[1e+20..250]
node   3 (xx3) age=2.5e+02 | anc   2 () age=2.8e+02 | dur=  35 len=  16 rate= 0.325 nodeReal=     0 age bounds=[250..250]
node   5 () age=2.4e+02 | anc   3 (xx3) age=2.5e+02 | dur=  10 len=   6 rate= 0.325 nodeReal=     0 age bounds=[250..0]
node   6 () age=2.4e+02 | anc   5 () age=2.4e+02 | dur= 3.2 len=   2 rate= 0.325 nodeReal=     0 age bounds=[250..0]
node   7 () age=1.8e+02 | anc   6 () age=2.4e+02 | dur=  56 len=  10 rate= 0.325 nodeReal=     0 age bounds=[250..0]
node   8 () age=1.2e+02 | anc   7 () age=1.8e+02 | dur=  56 len=  20 rate= 0.325 nodeReal=     0 age bounds=[250..0]
node   9 (Albertiniella_polyporicola) age=   0 | anc   8 () age=1.2e+02 | dur=1.2e+02 len=  42 rate= 0.325 nodeReal=     0 age bounds=[0..0]
node  10 (Cryptendoxyla_hypophloia) age=   0 | anc   8 () age=1.2e+02 | dur=1.2e+02 len=  42 rate= 0.325 nodeReal=     0 age bounds=[0..0]
node  11 () age=1.3e+02 | anc   7 () age=1.8e+02 | dur=  54 len=   8 rate= 0.325 nodeReal=     0 age bounds=[250..0]
node  12 (Camarops_microspora) age=   0 | anc  11 () age=1.3e+02 | dur=1.3e+02 len=  32 rate= 0.325 nodeReal=     0 age bounds=[0..0]
node  13 () age=  59 | anc  11 () age=1.3e+02 | dur=  68 len=  15 rate= 0.325 nodeReal=     0 age bounds=[250..0]
node  14 () age=  33 | anc  13 () age=  59 | dur=  26 len=   4 rate= 0.325 nodeReal=     0 age bounds=[250..0]
node  15 () age=  19 | anc  14 () age=  33 | dur=  14 len=   3 rate= 0.325 nodeReal=     0 age bounds=[250..0]
node  16 (Chaetomium_elatum) age=   0 | anc  15 () age=  19 | dur=  19 len=   8 rate= 0.325 nodeReal=     0 age bounds=[0..0]
node  17 (Madurella_mycetomatis) age=   0 | anc  15 () age=  19 | dur=  19 len=   2 rate= 0.325 nodeReal=     0 age bounds=[0..0]
node  18 (Lasiosphaeria_ovina) age=   0 | anc  14 () age=  33 | dur=  33 len=   9 rate= 0.325 nodeReal=     0 age bounds=[0..0]
node  19 (Sordaria_fimicola) age=   0 | anc  13 () age=  59 | dur=  59 len=  23 rate= 0.325 nodeReal=     0 age bounds=[0..0]
node  20 () age=2.2e+02 | anc   6 () age=2.4e+02 | dur=  12 len=   9 rate= 0.325 nodeReal=     0 age bounds=[250..0]
node  21 () age=1.4e+02 | anc  20 () age=2.2e+02 | dur=  83 len=  20 rate= 0.325 nodeReal=     0 age bounds=[250..0]
node  22 () age=1.2e+02 | anc  21 () age=1.4e+02 | dur=  18 len=   4 rate= 0.325 nodeReal=     0 age bounds=[250..0]
node  23 () age=  35 | anc  22 () age=1.2e+02 | dur=  89 len=  25 rate= 0.325 nodeReal=     0 age bounds=[250..0]
node  24 (Apiospora_sinensis) age=   0 | anc  23 () age=  35 | dur=  35 len=   4 rate= 0.325 nodeReal=     0 age bounds=[0..0]
node  25 (Arthrinium_phaeospermum) age=   0 | anc  23 () age=  35 | dur=  35 len=  17 rate= 0.325 nodeReal=     0 age bounds=[0..0]
node  26 () age=  98 | anc  22 () age=1.2e+02 | dur=  26 len=   7 rate= 0.325 nodeReal=     0 age bounds=[250..0]
node  28 () age=  62 | anc  26 () age=  98 | dur=  36 len=  11 rate= 0.325 nodeReal=     0 age bounds=[250..0]
node  29 () age=0.31 | anc  28 () age=  62 | dur=  62 len=  24 rate= 0.325 nodeReal=     0 age bounds=[250..0]
node  30 (Graphostroma_platystoma) age=   0 | anc  29 () age=0.31 | dur=0.31 len=   0 rate= 0.325 nodeReal=     0 age bounds=[0..0]
node  31 (Pestalosphaeria_hansenii) age=   0 | anc  29 () age=0.31 | dur=0.31 len=   0 rate= 0.325 nodeReal=     0 age bounds=[0..0]
node  32 (Microdochium_nivale) age=   0 | anc  28 () age=  62 | dur=  62 len=  15 rate= 0.325 nodeReal=     0 age bounds=[0..0]
node  33 (Hyponectria_buxi) age=   0 | anc  26 () age=  98 | dur=  98 len=  24 rate= 0.325 nodeReal=     0 age bounds=[0..0]
node  34 () age=  59 | anc  26 () age=  98 | dur=  40 len=  15 rate= 0.325 nodeReal=     0 age bounds=[250..0]
node  35 (Hypoxylon_fragiforme) age=   0 | anc  34 () age=  59 | dur=  59 len=   8 rate= 0.325 nodeReal=     0 age bounds=[0..0]
node  36 (Xylaria_carpophila) age=   0 | anc  34 () age=  59 | dur=  59 len=  33 rate= 0.325 nodeReal=     0 age bounds=[0..0]
node  37 (Diatrype_disciformis) age=   0 | anc  21 () age=1.4e+02 | dur=1.4e+02 len=  48 rate= 0.325 nodeReal=     0 age bounds=[0..0]
node  38 () age=2.2e+02 | anc  20 () age=2.2e+02 | dur=   7 len=   6 rate= 0.325 nodeReal=     0 age bounds=[250..0]
node  40 () age=1e+02 | anc  38 () age=2.2e+02 | dur=1.2e+02 len=  39 rate= 0.325 nodeReal=     0 age bounds=[250..0]
node  41 (Ceratosphaeria_lampadophora) age=   0 | anc  40 () age=1e+02 | dur=1e+02 len=  12 rate= 0.325 nodeReal=     0 age bounds=[0..0]
node  42 () age=  41 | anc  40 () age=1e+02 | dur=  61 len=  33 rate= 0.325 nodeReal=     0 age bounds=[250..0]
node  43 (Gaeumannomyces_graminis) age=   0 | anc  42 () age=  41 | dur=  41 len=  36 rate= 0.325 nodeReal=     0 age bounds=[0..0]
node  44 (Magnaporthe_grisea) age=   0 | anc  42 () age=  41 | dur=  41 len=   0 rate= 0.325 nodeReal=     0 age bounds=[0..0]
node  46 () age=2.1e+02 | anc  38 () age=2.2e+02 | dur= 4.4 len=   4 rate= 0.325 nodeReal=     0 age bounds=[250..0]
node  47 () age=1.4e+02 | anc  46 () age=2.1e+02 | dur=  74 len=  19 rate= 0.325 nodeReal=     0 age bounds=[250..0]
node  48 () age=  35 | anc  47 () age=1.4e+02 | dur=1e+02 len=  29 rate= 0.325 nodeReal=     0 age bounds=[250..0]
node  49 () age= 5.1 | anc  48 () age=  35 | dur=  30 len=   2 rate= 0.325 nodeReal=     0 age bounds=[250..0]
node  50 (Cryphonectria_parasitica) age=   0 | anc  49 () age= 5.1 | dur= 5.1 len=   0 rate= 0.325 nodeReal=     0 age bounds=[0..0]
node  51 (Endothia_gyrosa) age=   0 | anc  49 () age= 5.1 | dur= 5.1 len=   2 rate= 0.325 nodeReal=     0 age bounds=[0..0]
node  52 () age=  19 | anc  48 () age=  35 | dur=  17 len=   9 rate= 0.325 nodeReal=     0 age bounds=[250..0]
node  53 (Diaporthe_phaseolorum) age=   0 | anc  52 () age=  19 | dur=  19 len=   9 rate= 0.325 nodeReal=     0 age bounds=[0..0]
node  54 (Leucostoma_persoonii) age=   0 | anc  52 () age=  19 | dur=  19 len=   7 rate= 0.325 nodeReal=     0 age bounds=[0..0]
node  55 () age=  24 | anc  47 () age=1.4e+02 | dur=1.2e+02 len=  35 rate= 0.325 nodeReal=     0 age bounds=[250..0]
node  56 () age= 2.4 | anc  55 () age=  24 | dur=  22 len=   2 rate= 0.325 nodeReal=     0 age bounds=[250..0]
node  59 () age=0.31 | anc  56 () age= 2.4 | dur= 2.1 len=   1 rate= 0.325 nodeReal=     0 age bounds=[250..0]
node  61 (Phaeoacremonium_griseorubrum) age=   0 | anc  59 () age=0.31 | dur=0.31 len=   0 rate= 0.325 nodeReal=     0 age bounds=[0..0]
node  62 (Phaeoacremonium_parasiticum) age=   0 | anc  59 () age=0.31 | dur=0.31 len=   0 rate= 0.325 nodeReal=     0 age bounds=[0..0]
node  63 (Phaeoacremonium_tardicrescens) age=   0 | anc  59 () age=0.31 | dur=0.31 len=   0 rate= 0.325 nodeReal=     0 age bounds=[0..0]
node  65 (Phaeoacremonium_theobromatis) age=   0 | anc  56 () age= 2.4 | dur= 2.4 len=   0 rate= 0.325 nodeReal=     0 age bounds=[0..0]
node  66 (Phaeoacremonium_viticola) age=   0 | anc  56 () age= 2.4 | dur= 2.4 len=   0 rate= 0.325 nodeReal=     0 age bounds=[0..0]
node  67 () age=0.31 | anc  56 () age= 2.4 | dur= 2.1 len=   1 rate= 0.325 nodeReal=     0 age bounds=[250..0]
node  68 (Togninia_fraxinopennsylvanica) age=   0 | anc  67 () age=0.31 | dur=0.31 len=   0 rate= 0.325 nodeReal=     0 age bounds=[0..0]
node  69 (Togninia_novaezealandiae) age=   0 | anc  67 () age=0.31 | dur=0.31 len=   0 rate= 0.325 nodeReal=     0 age bounds=[0..0]
node  70 (Togninia_minima) age=   0 | anc  56 () age= 2.4 | dur= 2.4 len=   1 rate= 0.325 nodeReal=     0 age bounds=[0..0]
node  71 () age= 5.8 | anc  55 () age=  24 | dur=  19 len=  10 rate= 0.325 nodeReal=     0 age bounds=[250..0]
node  72 (Phaeoacremonium_sphinctrophorum_DQ173149) age=   0 | anc  71 () age= 5.8 | dur= 5.8 len=   5 rate= 0.325 nodeReal=     0 age bounds=[0..0]
node  73 (Phaeoacremonium_sphinctrophorum_DQ173150) age=   0 | anc  71 () age= 5.8 | dur= 5.8 len=   0 rate= 0.325 nodeReal=     0 age bounds=[0..0]
node  74 () age=  36 | anc  46 () age=2.1e+02 | dur=1.8e+02 len=1.7e+02 rate= 0.325 nodeReal=     0 age bounds=[250..0]
node  75 () age=  10 | anc  74 () age=  36 | dur=  25 len=  33 rate= 0.325 nodeReal=     0 age bounds=[250..0]
node  76 (Pleurostoma_ootheca) age=   0 | anc  75 () age=  10 | dur=  10 len=  16 rate= 0.325 nodeReal=     0 age bounds=[0..0]
node  77 (Pleurostomophora_repens) age=   0 | anc  75 () age=  10 | dur=  10 len=   1 rate= 0.325 nodeReal=     0 age bounds=[0..0]
node  78 (Pleurostomophora_richardsiae) age=   0 | anc  74 () age=  36 | dur=  36 len=   0 rate= 0.325 nodeReal=     0 age bounds=[0..0]
node  79 () age= 5.6 | anc  38 () age=2.2e+02 | dur=2.1e+02 len=  52 rate= 0.325 nodeReal=     0 age bounds=[250..0]
node  81 (Endomyces_scopularum) age=   0 | anc  79 () age= 5.6 | dur= 5.6 len=   1 rate= 0.325 nodeReal=     0 age bounds=[0..0]
node  82 (Sporothrix_schenckii) age=   0 | anc  79 () age= 5.6 | dur= 5.6 len=   1 rate= 0.325 nodeReal=     0 age bounds=[0..0]
node  83 (Ophiostoma_stenoceras) age=   0 | anc  79 () age= 5.6 | dur= 5.6 len=   3 rate= 0.325 nodeReal=     0 age bounds=[0..0]
node  84 () age=  37 | anc  38 () age=2.2e+02 | dur=1.8e+02 len=  60 rate= 0.325 nodeReal=     0 age bounds=[250..0]
node  85 (Gnomonia_setacea) age=   0 | anc  84 () age=  37 | dur=  37 len=  13 rate= 0.325 nodeReal=     0 age bounds=[0..0]
node  86 (Gnomoniella_fraxini) age=   0 | anc  84 () age=  37 | dur=  37 len=  11 rate= 0.325 nodeReal=     0 age bounds=[0..0]
node  87 () age=  67 | anc   5 () age=2.4e+02 | dur=1.7e+02 len=  48 rate= 0.325 nodeReal=     0 age bounds=[250..0]
node  88 (Calosphaeria_pulchella) age=   0 | anc  87 () age=  67 | dur=  67 len=  16 rate= 0.325 nodeReal=     0 age bounds=[0..0]
node  89 () age=0.31 | anc  87 () age=  67 | dur=  66 len=  24 rate= 0.325 nodeReal=     0 age bounds=[250..0]
node  90 (Togniniella_acerosa_AY761072) age=   0 | anc  89 () age=0.31 | dur=0.31 len=   0 rate= 0.325 nodeReal=     0 age bounds=[0..0]
node  91 (Togniniella_acerosa_AY761073) age=   0 | anc  89 () age=0.31 | dur=0.31 len=   0 rate= 0.325 nodeReal=     0 age bounds=[0..0]
node  92 () age=2e+02 | anc   3 (xx3) age=2.5e+02 | dur=  53 len=  29 rate= 0.325 nodeReal=     0 age bounds=[250..112]
node  93 () age=1.5e+02 | anc  92 () age=2e+02 | dur=  44 len=  31 rate= 0.325 nodeReal=     0 age bounds=[250..112]
node  94 (Ceratocystis_fimbriata) age=   0 | anc  93 () age=1.5e+02 | dur=1.5e+02 len=  48 rate= 0.325 nodeReal=     0 age bounds=[0..0]
node  95 () age=1.4e+02 | anc  93 () age=1.5e+02 | dur=  14 len=  10 rate= 0.325 nodeReal=     0 age bounds=[250..112]
node  96 (Graphium_penicillioides) age=   0 | anc  95 () age=1.4e+02 | dur=1.4e+02 len=  36 rate= 0.325 nodeReal=     0 age bounds=[0..0]
node  97 (xx2) age=1.1e+02 | anc  95 () age=1.4e+02 | dur=  28 len=  22 rate= 0.325 nodeReal=     0 age bounds=[250..112]
node  98 (Microascus_cirrosus) age=   0 | anc  97 (xx2) age=1.1e+02 | dur=1.1e+02 len=  27 rate= 0.325 nodeReal=     0 age bounds=[0..0]
node  99 () age=  35 | anc  97 (xx2) age=1.1e+02 | dur=  77 len=   8 rate= 0.325 nodeReal=     0 age bounds=[250..0]
node 100 (Petriella_setifera) age=   0 | anc  99 () age=  35 | dur=  35 len=  13 rate= 0.325 nodeReal=     0 age bounds=[0..0]
node 101 (Pseudallescheria_boydii) age=   0 | anc  99 () age=  35 | dur=  35 len=   2 rate= 0.325 nodeReal=     0 age bounds=[0..0]
node 102 () age=1.5e+02 | anc  92 () age=2e+02 | dur=  43 len=   7 rate= 0.325 nodeReal=     0 age bounds=[250..0]
node 103 (xx1) age=  91 | anc 102 () age=1.5e+02 | dur=  64 len=   6 rate= 0.325 nodeReal=     0 age bounds=[136..0]
node 104 () age=  64 | anc 103 (xx1) age=  91 | dur=  27 len=   3 rate= 0.325 nodeReal=     0 age bounds=[136..0]
node 106 (Chaetopsina_fulva) age=   0 | anc 104 () age=  64 | dur=  64 len=  19 rate= 0.325 nodeReal=     0 age bounds=[0..0]
node 107 (Cordyceps_ophioglossoides) age=   0 | anc 104 () age=  64 | dur=  64 len=   9 rate= 0.325 nodeReal=     0 age bounds=[0..0]
node 108 () age=  45 | anc 104 () age=  64 | dur=  19 len=   6 rate= 0.325 nodeReal=     0 age bounds=[136..0]
node 109 (Gibberella_pulicaris) age=   0 | anc 108 () age=  45 | dur=  45 len=  13 rate= 0.325 nodeReal=     0 age bounds=[0..0]
node 110 (Nectria_pseudotrichia) age=   0 | anc 108 () age=  45 | dur=  45 len=  16 rate= 0.325 nodeReal=     0 age bounds=[0..0]
node 111 (Hypocrea_lutea) age=   0 | anc 103 (xx1) age=  91 | dur=  91 len=  28 rate= 0.325 nodeReal=     0 age bounds=[0..0]
node 112 (Sphaerodothis_acrocomiae) age=   0 | anc 102 () age=1.5e+02 | dur=1.5e+02 len=  61 rate= 0.325 nodeReal=     0 age bounds=[0..0]
node 113 () age=  66 | anc   3 (xx3) age=2.5e+02 | dur=1.8e+02 len=  62 rate= 0.325 nodeReal=     0 age bounds=[250..0]
node 114 (Chaetosphaeria_curvispora) age=   0 | anc 113 () age=  66 | dur=  66 len=  14 rate= 0.325 nodeReal=     0 age bounds=[0..0]
node 115 (Kionochaeta_ramifera) age=   0 | anc 113 () age=  66 | dur=  66 len=  30 rate= 0.325 nodeReal=     0 age bounds=[0..0]
node 116 () age=  74 | anc   2 () age=2.8e+02 | dur=2.1e+02 len=1.1e+02 rate= 0.325 nodeReal=     0 age bounds=[1e+20..0]
node 117 (Cochliobolus_sativus) age=   0 | anc 116 () age=  74 | dur=  74 len=  48 rate= 0.325 nodeReal=     0 age bounds=[0..0]
node 118 (Pleospora_betae) age=   0 | anc 116 () age=  74 | dur=  74 len=  14 rate= 0.325 nodeReal=     0 age bounds=[0..0]
node 119 (Melanospora_zamiae) age=   0 | anc   1 () age=5.4e+02 | dur=5.4e+02 len=   1 rate= 0.325 nodeReal=     0 age bounds=[0..0]
[Printing tree 1]

[TREE DESCRIPTION of tree foo]

tree foo = (((((((Albertiniella_polyporicola:123.688795,Cryptendoxyla_hypophloia:123.688795):56.491937,(Camarops_microspora:126.560125,(((Chaetomium_elatum:18.732288,Madurella_mycetomatis:18.732288):14.371488,Lasiosphaeria_ovina:33.103777):25.718846,Sordaria_fimicola:58.822623):67.737502):53.620607):56.136176,((((Apiospora_sinensis:34.721872,Arthrinium_phaeospermum:34.721872):89.376643,(((Graphostroma_platystoma:0.312500,Pestalosphaeria_hansenii:0.312500):61.908400,Microdochium_nivale:62.220900):36.225308,Hyponectria_buxi:98.446209,(Hypoxylon_fragiforme:58.512103,Xylaria_carpophila:58.512103):39.934106):25.652306):17.582098,Diatrype_disciformis:141.680612):82.917583,((Ceratosphaeria_lampadophora:101.959978,(Gaeumannomyces_graminis:41.385334,Magnaporthe_grisea:41.385334):60.574644):115.595053,((((Cryphonectria_parasitica:5.110660,Endothia_gyrosa:5.110660):30.189630,(Diaporthe_phaseolorum:18.551764,Leucostoma_persoonii:18.551764):16.748527):104.122669,(((Phaeoacremonium_griseorubrum:0.312500,Phaeoacremonium_parasiticum:0.312500,Phaeoacremonium_tardicrescens:0.312500):2.061641,Phaeoacremonium_theobromatis:2.374141,Phaeoacremonium_viticola:2.374141,(Togninia_fraxinopennsylvanica:0.312500,Togninia_novaezealandiae:0.312500):2.061641,Togninia_minima:2.374141):21.992055,(Phaeoacremonium_sphinctrophorum_DQ173149:5.790806,Phaeoacremonium_sphinctrophorum_DQ173150:5.790806):18.575391):115.056763):73.750787,((Pleurostoma_ootheca:10.425466,Pleurostomophora_repens:10.425466):25.277059,Pleurostomophora_richardsiae:35.702526):177.471221):4.381285,(Endomyces_scopularum:5.583486,Sporothrix_schenckii:5.583486,Ophiostoma_stenoceras:5.583486):211.971545,(Gnomonia_setacea:36.553097,Gnomoniella_fraxini:36.553097):181.001935):7.043163):11.718713):3.220354,(Calosphaeria_pulchella:66.567335,(Togniniella_acerosa_AY761072:0.312500,Togniniella_acerosa_AY761073:0.312500):66.254835):172.969926):10.462738,((Ceratocystis_fimbriata:153.628908,(Graphium_penicillioides:139.808034,(Microascus_cirrosus:112.000000,(Petriella_setifera:34.969449,Pseudallescheria_boydii:34.969449):77.030551)xx2:27.808034):13.820874):43.607098,(((Chaetopsina_fulva:63.618684,Cordyceps_ophioglossoides:63.618684,(Gibberella_pulicaris:44.908042,Nectria_pseudotrichia:44.908042):18.710642):27.121463,Hypocrea_lutea:90.740147)xx1:63.764666,Sphaerodothis_acrocomiae:154.504813):42.731193):52.763994,(Chaetosphaeria_curvispora:66.388919,Kionochaeta_ramifera:66.388919):183.611081)xx3:34.718926,(Cochliobolus_sativus:74.015692,Pleospora_betae:74.015692):210.703234):252.960698,Melanospora_zamiae:537.679624);
