This file contains any messages produced by compilers while
running configure, to aid debugging if configure makes a mistake.

It was created by treepl configure 1.0, which was
generated by GNU Autoconf 2.68.  Invocation command line was

  $ ./configure 

## --------- ##
## Platform. ##
## --------- ##

hostname = hplap
uname -m = x86_64
uname -r = 3.0.0-17-generic
uname -s = Linux
uname -v = #30-Ubuntu SMP Thu Mar 8 20:45:39 UTC 2012

/usr/bin/uname -p = unknown
/bin/uname -X     = unknown

/bin/arch              = unknown
/usr/bin/arch -k       = unknown
/usr/convex/getsysinfo = unknown
/usr/bin/hostinfo      = unknown
/bin/machine           = unknown
/usr/bin/oslevel       = unknown
/bin/universe          = unknown

PATH: /home/smitty/bin
PATH: /home/smitty/bin
PATH: /usr/lib/lightdm/lightdm
PATH: /usr/local/sbin
PATH: /usr/local/bin
PATH: /usr/sbin
PATH: /usr/bin
PATH: /sbin
PATH: /bin
PATH: /usr/games


## ----------- ##
## Core tests. ##
## ----------- ##

configure:2232: checking for g++
configure:2248: found /usr/bin/g++
configure:2259: result: g++
configure:2286: checking for C++ compiler version
configure:2295: g++ --version >&5
g++ (Ubuntu/Linaro 4.6.1-9ubuntu3) 4.6.1
Copyright (C) 2011 Free Software Foundation, Inc.
This is free software; see the source for copying conditions.  There is NO
warranty; not even for MERCHANTABILITY or FITNESS FOR A PARTICULAR PURPOSE.

configure:2306: $? = 0
configure:2295: g++ -v >&5
Using built-in specs.
COLLECT_GCC=g++
COLLECT_LTO_WRAPPER=/usr/lib/gcc/x86_64-linux-gnu/4.6.1/lto-wrapper
Target: x86_64-linux-gnu
Configured with: ../src/configure -v --with-pkgversion='Ubuntu/Linaro 4.6.1-9ubuntu3' --with-bugurl=file:///usr/share/doc/gcc-4.6/README.Bugs --enable-languages=c,c++,fortran,objc,obj-c++,go --prefix=/usr --program-suffix=-4.6 --enable-shared --enable-linker-build-id --with-system-zlib --libexecdir=/usr/lib --without-included-gettext --enable-threads=posix --with-gxx-include-dir=/usr/include/c++/4.6 --libdir=/usr/lib --enable-nls --with-sysroot=/ --enable-clocale=gnu --enable-libstdcxx-debug --enable-libstdcxx-time=yes --enable-plugin --enable-objc-gc --disable-werror --with-arch-32=i686 --with-tune=generic --enable-checking=release --build=x86_64-linux-gnu --host=x86_64-linux-gnu --target=x86_64-linux-gnu
Thread model: posix
gcc version 4.6.1 (Ubuntu/Linaro 4.6.1-9ubuntu3) 
configure:2306: $? = 0
configure:2295: g++ -V >&5
g++: error: unrecognized option '-V'
g++: fatal error: no input files
compilation terminated.
configure:2306: $? = 4
configure:2295: g++ -qversion >&5
g++: error: unrecognized option '-qversion'
g++: fatal error: no input files
compilation terminated.
configure:2306: $? = 4
configure:2326: checking whether the C++ compiler works
configure:2348: g++    conftest.cpp  >&5
configure:2352: $? = 0
configure:2400: result: yes
configure:2403: checking for C++ compiler default output file name
configure:2405: result: a.out
configure:2411: checking for suffix of executables
configure:2418: g++ -o conftest    conftest.cpp  >&5
configure:2422: $? = 0
configure:2444: result: 
configure:2466: checking whether we are cross compiling
configure:2474: g++ -o conftest    conftest.cpp  >&5
configure:2478: $? = 0
configure:2485: ./conftest
configure:2489: $? = 0
configure:2504: result: no
configure:2509: checking for suffix of object files
configure:2531: g++ -c   conftest.cpp >&5
configure:2535: $? = 0
configure:2556: result: o
configure:2560: checking whether we are using the GNU C++ compiler
configure:2579: g++ -c   conftest.cpp >&5
configure:2579: $? = 0
configure:2588: result: yes
configure:2597: checking whether g++ accepts -g
configure:2617: g++ -c -g  conftest.cpp >&5
configure:2617: $? = 0
configure:2658: result: yes
configure:2729: checking for gcc
configure:2745: found /usr/bin/gcc
configure:2756: result: gcc
configure:2985: checking for C compiler version
configure:2994: gcc --version >&5
gcc (Ubuntu/Linaro 4.6.1-9ubuntu3) 4.6.1
Copyright (C) 2011 Free Software Foundation, Inc.
This is free software; see the source for copying conditions.  There is NO
warranty; not even for MERCHANTABILITY or FITNESS FOR A PARTICULAR PURPOSE.

configure:3005: $? = 0
configure:2994: gcc -v >&5
Using built-in specs.
COLLECT_GCC=gcc
COLLECT_LTO_WRAPPER=/usr/lib/gcc/x86_64-linux-gnu/4.6.1/lto-wrapper
Target: x86_64-linux-gnu
Configured with: ../src/configure -v --with-pkgversion='Ubuntu/Linaro 4.6.1-9ubuntu3' --with-bugurl=file:///usr/share/doc/gcc-4.6/README.Bugs --enable-languages=c,c++,fortran,objc,obj-c++,go --prefix=/usr --program-suffix=-4.6 --enable-shared --enable-linker-build-id --with-system-zlib --libexecdir=/usr/lib --without-included-gettext --enable-threads=posix --with-gxx-include-dir=/usr/include/c++/4.6 --libdir=/usr/lib --enable-nls --with-sysroot=/ --enable-clocale=gnu --enable-libstdcxx-debug --enable-libstdcxx-time=yes --enable-plugin --enable-objc-gc --disable-werror --with-arch-32=i686 --with-tune=generic --enable-checking=release --build=x86_64-linux-gnu --host=x86_64-linux-gnu --target=x86_64-linux-gnu
Thread model: posix
gcc version 4.6.1 (Ubuntu/Linaro 4.6.1-9ubuntu3) 
configure:3005: $? = 0
configure:2994: gcc -V >&5
gcc: error: unrecognized option '-V'
gcc: fatal error: no input files
compilation terminated.
configure:3005: $? = 4
configure:2994: gcc -qversion >&5
gcc: error: unrecognized option '-qversion'
gcc: fatal error: no input files
compilation terminated.
configure:3005: $? = 4
configure:3009: checking whether we are using the GNU C compiler
configure:3028: gcc -c   conftest.c >&5
configure:3028: $? = 0
configure:3037: result: yes
configure:3046: checking whether gcc accepts -g
configure:3066: gcc -c -g  conftest.c >&5
configure:3066: $? = 0
configure:3107: result: yes
configure:3124: checking for gcc option to accept ISO C89
configure:3188: gcc  -c -g -O2  conftest.c >&5
configure:3188: $? = 0
configure:3201: result: none needed
configure:3225: checking for library containing main
configure:3250: gcc -o conftest -g -O2   conftest.c  >&5
configure:3250: $? = 0
configure:3267: result: none required
configure:3281: checking how to run the C preprocessor
configure:3312: gcc -E  conftest.c
configure:3312: $? = 0
configure:3326: gcc -E  conftest.c
conftest.c:9:28: fatal error: ac_nonexistent.h: No such file or directory
compilation terminated.
configure:3326: $? = 1
configure: failed program was:
| /* confdefs.h */
| #define PACKAGE_NAME "treepl"
| #define PACKAGE_TARNAME "treepl"
| #define PACKAGE_VERSION "1.0"
| #define PACKAGE_STRING "treepl 1.0"
| #define PACKAGE_BUGREPORT "eebsmith@umich.edu"
| #define PACKAGE_URL ""
| /* end confdefs.h.  */
| #include <ac_nonexistent.h>
configure:3351: result: gcc -E
configure:3371: gcc -E  conftest.c
configure:3371: $? = 0
configure:3385: gcc -E  conftest.c
conftest.c:9:28: fatal error: ac_nonexistent.h: No such file or directory
compilation terminated.
configure:3385: $? = 1
configure: failed program was:
| /* confdefs.h */
| #define PACKAGE_NAME "treepl"
| #define PACKAGE_TARNAME "treepl"
| #define PACKAGE_VERSION "1.0"
| #define PACKAGE_STRING "treepl 1.0"
| #define PACKAGE_BUGREPORT "eebsmith@umich.edu"
| #define PACKAGE_URL ""
| /* end confdefs.h.  */
| #include <ac_nonexistent.h>
configure:3414: checking for grep that handles long lines and -e
configure:3472: result: /bin/grep
configure:3477: checking for egrep
configure:3539: result: /bin/grep -E
configure:3544: checking for ANSI C header files
configure:3564: gcc -c -g -O2  conftest.c >&5
configure:3564: $? = 0
configure:3637: gcc -o conftest -g -O2   conftest.c  >&5
configure:3637: $? = 0
configure:3637: ./conftest
configure:3637: $? = 0
configure:3648: result: yes
configure:3661: checking for sys/types.h
configure:3661: gcc -c -g -O2  conftest.c >&5
configure:3661: $? = 0
configure:3661: result: yes
configure:3661: checking for sys/stat.h
configure:3661: gcc -c -g -O2  conftest.c >&5
configure:3661: $? = 0
configure:3661: result: yes
configure:3661: checking for stdlib.h
configure:3661: gcc -c -g -O2  conftest.c >&5
configure:3661: $? = 0
configure:3661: result: yes
configure:3661: checking for string.h
configure:3661: gcc -c -g -O2  conftest.c >&5
configure:3661: $? = 0
configure:3661: result: yes
configure:3661: checking for memory.h
configure:3661: gcc -c -g -O2  conftest.c >&5
configure:3661: $? = 0
configure:3661: result: yes
configure:3661: checking for strings.h
configure:3661: gcc -c -g -O2  conftest.c >&5
configure:3661: $? = 0
configure:3661: result: yes
configure:3661: checking for inttypes.h
configure:3661: gcc -c -g -O2  conftest.c >&5
configure:3661: $? = 0
configure:3661: result: yes
configure:3661: checking for stdint.h
configure:3661: gcc -c -g -O2  conftest.c >&5
configure:3661: $? = 0
configure:3661: result: yes
configure:3661: checking for unistd.h
configure:3661: gcc -c -g -O2  conftest.c >&5
configure:3661: $? = 0
configure:3661: result: yes
configure:3675: checking adolc/adouble.h usability
configure:3675: gcc -c -g -O2  conftest.c >&5
configure:3675: $? = 0
configure:3675: result: yes
configure:3675: checking adolc/adouble.h presence
configure:3675: gcc -E  conftest.c
configure:3675: $? = 0
configure:3675: result: yes
configure:3675: checking for adolc/adouble.h
configure:3675: result: yes
configure:3704: checking for fabs in -lm
configure:3729: gcc -o conftest -g -O2   conftest.c -lm   >&5
conftest.c:27:6: warning: conflicting types for built-in function 'fabs' [enabled by default]
configure:3729: $? = 0
configure:3738: result: yes
configure:3751: checking for library containing nlopt_create
configure:3782: gcc -o conftest -g -O2   conftest.c -lm  >&5
/tmp/ccYnLpgr.o: In function `main':
/home/smitty/Dropbox/programming/cpp/treePL/src/conftest.c:32: undefined reference to `nlopt_create'
collect2: ld returned 1 exit status
configure:3782: $? = 1
configure: failed program was:
| /* confdefs.h */
| #define PACKAGE_NAME "treepl"
| #define PACKAGE_TARNAME "treepl"
| #define PACKAGE_VERSION "1.0"
| #define PACKAGE_STRING "treepl 1.0"
| #define PACKAGE_BUGREPORT "eebsmith@umich.edu"
| #define PACKAGE_URL ""
| #define STDC_HEADERS 1
| #define HAVE_SYS_TYPES_H 1
| #define HAVE_SYS_STAT_H 1
| #define HAVE_STDLIB_H 1
| #define HAVE_STRING_H 1
| #define HAVE_MEMORY_H 1
| #define HAVE_STRINGS_H 1
| #define HAVE_INTTYPES_H 1
| #define HAVE_STDINT_H 1
| #define HAVE_UNISTD_H 1
| #define HAVE_ADOLC_ADOUBLE_H 1
| #define HAVE_LIBM 1
| /* end confdefs.h.  */
| 
| /* Override any GCC internal prototype to avoid an error.
|    Use char because int might match the return type of a GCC
|    builtin and then its argument prototype would still apply.  */
| #ifdef __cplusplus
| extern "C"
| #endif
| char nlopt_create ();
| int
| main ()
| {
| return nlopt_create ();
|   ;
|   return 0;
| }
configure:3782: gcc -o conftest -g -O2   conftest.c -lnlopt  -lm  >&5
configure:3782: $? = 0
configure:3799: result: -lnlopt
configure:3819: checking fenv.h usability
configure:3819: gcc -c -g -O2  conftest.c >&5
configure:3819: $? = 0
configure:3819: result: yes
configure:3819: checking fenv.h presence
configure:3819: gcc -E  conftest.c
configure:3819: $? = 0
configure:3819: result: yes
configure:3819: checking for fenv.h
configure:3819: result: yes
configure:3819: checking for stdlib.h
configure:3819: result: yes
configure:3819: checking for string.h
configure:3819: result: yes
configure:3831: checking for stdbool.h that conforms to C99
configure:3898: gcc -c -g -O2  conftest.c >&5
configure:3898: $? = 0
configure:3905: result: yes
configure:3907: checking for _Bool
configure:3907: gcc -c -g -O2  conftest.c >&5
configure:3907: $? = 0
configure:3907: gcc -c -g -O2  conftest.c >&5
conftest.c: In function 'main':
conftest.c:60:20: error: expected expression before ')' token
configure:3907: $? = 1
configure: failed program was:
| /* confdefs.h */
| #define PACKAGE_NAME "treepl"
| #define PACKAGE_TARNAME "treepl"
| #define PACKAGE_VERSION "1.0"
| #define PACKAGE_STRING "treepl 1.0"
| #define PACKAGE_BUGREPORT "eebsmith@umich.edu"
| #define PACKAGE_URL ""
| #define STDC_HEADERS 1
| #define HAVE_SYS_TYPES_H 1
| #define HAVE_SYS_STAT_H 1
| #define HAVE_STDLIB_H 1
| #define HAVE_STRING_H 1
| #define HAVE_MEMORY_H 1
| #define HAVE_STRINGS_H 1
| #define HAVE_INTTYPES_H 1
| #define HAVE_STDINT_H 1
| #define HAVE_UNISTD_H 1
| #define HAVE_ADOLC_ADOUBLE_H 1
| #define HAVE_LIBM 1
| #define HAVE_FENV_H 1
| #define HAVE_STDLIB_H 1
| #define HAVE_STRING_H 1
| /* end confdefs.h.  */
| #include <stdio.h>
| #ifdef HAVE_SYS_TYPES_H
| # include <sys/types.h>
| #endif
| #ifdef HAVE_SYS_STAT_H
| # include <sys/stat.h>
| #endif
| #ifdef STDC_HEADERS
| # include <stdlib.h>
| # include <stddef.h>
| #else
| # ifdef HAVE_STDLIB_H
| #  include <stdlib.h>
| # endif
| #endif
| #ifdef HAVE_STRING_H
| # if !defined STDC_HEADERS && defined HAVE_MEMORY_H
| #  include <memory.h>
| # endif
| # include <string.h>
| #endif
| #ifdef HAVE_STRINGS_H
| # include <strings.h>
| #endif
| #ifdef HAVE_INTTYPES_H
| # include <inttypes.h>
| #endif
| #ifdef HAVE_STDINT_H
| # include <stdint.h>
| #endif
| #ifdef HAVE_UNISTD_H
| # include <unistd.h>
| #endif
| int
| main ()
| {
| if (sizeof ((_Bool)))
| 	    return 0;
|   ;
|   return 0;
| }
configure:3907: result: yes
configure:3923: checking for inline
configure:3939: gcc -c -g -O2  conftest.c >&5
configure:3939: $? = 0
configure:3947: result: inline
configure:3965: checking for size_t
configure:3965: gcc -c -g -O2  conftest.c >&5
configure:3965: $? = 0
configure:3965: gcc -c -g -O2  conftest.c >&5
conftest.c: In function 'main':
conftest.c:62:21: error: expected expression before ')' token
configure:3965: $? = 1
configure: failed program was:
| /* confdefs.h */
| #define PACKAGE_NAME "treepl"
| #define PACKAGE_TARNAME "treepl"
| #define PACKAGE_VERSION "1.0"
| #define PACKAGE_STRING "treepl 1.0"
| #define PACKAGE_BUGREPORT "eebsmith@umich.edu"
| #define PACKAGE_URL ""
| #define STDC_HEADERS 1
| #define HAVE_SYS_TYPES_H 1
| #define HAVE_SYS_STAT_H 1
| #define HAVE_STDLIB_H 1
| #define HAVE_STRING_H 1
| #define HAVE_MEMORY_H 1
| #define HAVE_STRINGS_H 1
| #define HAVE_INTTYPES_H 1
| #define HAVE_STDINT_H 1
| #define HAVE_UNISTD_H 1
| #define HAVE_ADOLC_ADOUBLE_H 1
| #define HAVE_LIBM 1
| #define HAVE_FENV_H 1
| #define HAVE_STDLIB_H 1
| #define HAVE_STRING_H 1
| #define HAVE__BOOL 1
| #define HAVE_STDBOOL_H 1
| /* end confdefs.h.  */
| #include <stdio.h>
| #ifdef HAVE_SYS_TYPES_H
| # include <sys/types.h>
| #endif
| #ifdef HAVE_SYS_STAT_H
| # include <sys/stat.h>
| #endif
| #ifdef STDC_HEADERS
| # include <stdlib.h>
| # include <stddef.h>
| #else
| # ifdef HAVE_STDLIB_H
| #  include <stdlib.h>
| # endif
| #endif
| #ifdef HAVE_STRING_H
| # if !defined STDC_HEADERS && defined HAVE_MEMORY_H
| #  include <memory.h>
| # endif
| # include <string.h>
| #endif
| #ifdef HAVE_STRINGS_H
| # include <strings.h>
| #endif
| #ifdef HAVE_INTTYPES_H
| # include <inttypes.h>
| #endif
| #ifdef HAVE_STDINT_H
| # include <stdint.h>
| #endif
| #ifdef HAVE_UNISTD_H
| # include <unistd.h>
| #endif
| int
| main ()
| {
| if (sizeof ((size_t)))
| 	    return 0;
|   ;
|   return 0;
| }
configure:3965: result: yes
configure:3980: checking for stdlib.h
configure:3980: result: yes
configure:3990: checking for GNU libc compatible malloc
configure:4014: gcc -o conftest -g -O2   conftest.c -lnlopt -lm  >&5
configure:4014: $? = 0
configure:4014: ./conftest
configure:4014: $? = 0
configure:4024: result: yes
configure:4045: checking for working strtod
configure:4086: gcc -o conftest -g -O2   conftest.c -lnlopt -lm  >&5
conftest.c: In function 'main':
conftest.c:83:12: warning: ignoring return value of 'strtod', declared with attribute warn_unused_result [-Wunused-result]
configure:4086: $? = 0
configure:4086: ./conftest
configure:4086: $? = 0
configure:4096: result: yes
configure:4161: checking for floor
configure:4161: gcc -o conftest -g -O2   conftest.c -lnlopt -lm  >&5
conftest.c:51:6: warning: conflicting types for built-in function 'floor' [enabled by default]
configure:4161: $? = 0
configure:4161: result: yes
configure:4161: checking for pow
configure:4161: gcc -o conftest -g -O2   conftest.c -lnlopt -lm  >&5
conftest.c:52:6: warning: conflicting types for built-in function 'pow' [enabled by default]
configure:4161: $? = 0
configure:4161: result: yes
configure:4161: checking for sqrt
configure:4161: gcc -o conftest -g -O2   conftest.c -lnlopt -lm  >&5
conftest.c:53:6: warning: conflicting types for built-in function 'sqrt' [enabled by default]
configure:4161: $? = 0
configure:4161: result: yes
configure:4287: creating ./config.status

## ---------------------- ##
## Running config.status. ##
## ---------------------- ##

This file was extended by treepl config.status 1.0, which was
generated by GNU Autoconf 2.68.  Invocation command line was

  CONFIG_FILES    = 
  CONFIG_HEADERS  = 
  CONFIG_LINKS    = 
  CONFIG_COMMANDS = 
  $ ./config.status 

on hplap

config.status:825: creating Makefile
config.status:825: creating config.h
config.status:995: config.h is unchanged

## ---------------- ##
## Cache variables. ##
## ---------------- ##

ac_cv_c_compiler_gnu=yes
ac_cv_c_inline=inline
ac_cv_cxx_compiler_gnu=yes
ac_cv_env_CCC_set=
ac_cv_env_CCC_value=
ac_cv_env_CC_set=
ac_cv_env_CC_value=
ac_cv_env_CFLAGS_set=
ac_cv_env_CFLAGS_value=
ac_cv_env_CPPFLAGS_set=
ac_cv_env_CPPFLAGS_value=
ac_cv_env_CPP_set=
ac_cv_env_CPP_value=
ac_cv_env_CXXFLAGS_set=
ac_cv_env_CXXFLAGS_value=
ac_cv_env_CXX_set=
ac_cv_env_CXX_value=
ac_cv_env_LDFLAGS_set=
ac_cv_env_LDFLAGS_value=
ac_cv_env_LIBS_set=
ac_cv_env_LIBS_value=
ac_cv_env_build_alias_set=
ac_cv_env_build_alias_value=
ac_cv_env_host_alias_set=
ac_cv_env_host_alias_value=
ac_cv_env_target_alias_set=
ac_cv_env_target_alias_value=
ac_cv_func_floor=yes
ac_cv_func_malloc_0_nonnull=yes
ac_cv_func_pow=yes
ac_cv_func_sqrt=yes
ac_cv_func_strtod=yes
ac_cv_header_adolc_adouble_h=yes
ac_cv_header_fenv_h=yes
ac_cv_header_inttypes_h=yes
ac_cv_header_memory_h=yes
ac_cv_header_stdbool_h=yes
ac_cv_header_stdc=yes
ac_cv_header_stdint_h=yes
ac_cv_header_stdlib_h=yes
ac_cv_header_string_h=yes
ac_cv_header_strings_h=yes
ac_cv_header_sys_stat_h=yes
ac_cv_header_sys_types_h=yes
ac_cv_header_unistd_h=yes
ac_cv_lib_m_fabs=yes
ac_cv_objext=o
ac_cv_path_EGREP='/bin/grep -E'
ac_cv_path_GREP=/bin/grep
ac_cv_prog_CPP='gcc -E'
ac_cv_prog_ac_ct_CC=gcc
ac_cv_prog_ac_ct_CXX=g++
ac_cv_prog_cc_c89=
ac_cv_prog_cc_g=yes
ac_cv_prog_cxx_g=yes
ac_cv_search_main='none required'
ac_cv_search_nlopt_create=-lnlopt
ac_cv_type__Bool=yes
ac_cv_type_size_t=yes

## ----------------- ##
## Output variables. ##
## ----------------- ##

CC='gcc'
CFLAGS='-g -O2'
CPP='gcc -E'
CPPFLAGS=''
CXX='g++'
CXXFLAGS='-g -O2'
DEFS='-DHAVE_CONFIG_H'
ECHO_C=''
ECHO_N='-n'
ECHO_T=''
EGREP='/bin/grep -E'
EXEEXT=''
GREP='/bin/grep'
LDFLAGS=''
LIBOBJS=''
LIBS='-lnlopt -lm '
LTLIBOBJS=''
OBJEXT='o'
PACKAGE_BUGREPORT='eebsmith@umich.edu'
PACKAGE_NAME='treepl'
PACKAGE_STRING='treepl 1.0'
PACKAGE_TARNAME='treepl'
PACKAGE_URL=''
PACKAGE_VERSION='1.0'
PATH_SEPARATOR=':'
POW_LIB=''
SHELL='/bin/bash'
ac_ct_CC='gcc'
ac_ct_CXX='g++'
bindir='${exec_prefix}/bin'
build_alias=''
datadir='${datarootdir}'
datarootdir='${prefix}/share'
docdir='${datarootdir}/doc/${PACKAGE_TARNAME}'
dvidir='${docdir}'
exec_prefix='${prefix}'
host_alias=''
htmldir='${docdir}'
includedir='${prefix}/include'
infodir='${datarootdir}/info'
libdir='${exec_prefix}/lib'
libexecdir='${exec_prefix}/libexec'
localedir='${datarootdir}/locale'
localstatedir='${prefix}/var'
mandir='${datarootdir}/man'
oldincludedir='/usr/include'
pdfdir='${docdir}'
prefix='/usr/local'
program_transform_name='s,x,x,'
psdir='${docdir}'
sbindir='${exec_prefix}/sbin'
sharedstatedir='${prefix}/com'
sysconfdir='${prefix}/etc'
target_alias=''

## ----------- ##
## confdefs.h. ##
## ----------- ##

/* confdefs.h */
#define PACKAGE_NAME "treepl"
#define PACKAGE_TARNAME "treepl"
#define PACKAGE_VERSION "1.0"
#define PACKAGE_STRING "treepl 1.0"
#define PACKAGE_BUGREPORT "eebsmith@umich.edu"
#define PACKAGE_URL ""
#define STDC_HEADERS 1
#define HAVE_SYS_TYPES_H 1
#define HAVE_SYS_STAT_H 1
#define HAVE_STDLIB_H 1
#define HAVE_STRING_H 1
#define HAVE_MEMORY_H 1
#define HAVE_STRINGS_H 1
#define HAVE_INTTYPES_H 1
#define HAVE_STDINT_H 1
#define HAVE_UNISTD_H 1
#define HAVE_ADOLC_ADOUBLE_H 1
#define HAVE_LIBM 1
#define HAVE_FENV_H 1
#define HAVE_STDLIB_H 1
#define HAVE_STRING_H 1
#define HAVE__BOOL 1
#define HAVE_STDBOOL_H 1
#define HAVE_STDLIB_H 1
#define HAVE_MALLOC 1
#define HAVE_FLOOR 1
#define HAVE_POW 1
#define HAVE_SQRT 1

configure: exit 0
